<?xml version="1.0" encoding="UTF-8"?>
<!-- Generated by org.testng.reporters.JUnitReportReporter -->
<testsuite hostname="TCCLFM4V3" failures="0" tests="1" name="cucumberOptions.TestngTestRunner" time="11.968" errors="0" timestamp="2023-04-02T15:48:57 IST" skipped="0">
  <testcase classname="cucumberOptions.TestngTestRunner" name="runScenario" time="11.968"/>
  <system-out/>
</testsuite> <!-- cucumberOptions.TestngTestRunner -->
